[+] Containers:
 |- [+] Container: /Game/PERSONAL/MAPS/Map_Elevator
 |   |- [+] ActorDescs:
 |   |   |- Guid:078BABA14E215BAB04DA299D8E41CF92 BaseClass: NativeClass:/Script/Engine.TextRenderActor Name:TextRenderActor_1 Label:TextRenderActor SpatiallyLoaded:1 Bounds:IsValid=true, Min=(X=-0.100 Y=1100.000 Z=65.013), Max=(X=-0.100 Y=2363.461 Z=215.013) RuntimeGrid:None EditorOnly:0 RuntimeOnly:0 HLODRelevant:0 ListedInSceneOutliner:1 IsMainWorldOnly:0
 |   |   |- Guid:0F8AB5CC46CFDCC5DBD4C0976E0143F1 BaseClass: NativeClass:/Script/Engine.DirectionalLight Name:DirectionalLight_1 Label:DirectionalLight SpatiallyLoaded:0 Bounds:IsValid=true, Min=(X=-4398046511104.000 Y=-4398046511104.000 Z=-4398046511104.000), Max=(X=4398046511104.000 Y=4398046511104.000 Z=4398046511104.000) RuntimeGrid:None EditorOnly:0 RuntimeOnly:0 HLODRelevant:0 ListedInSceneOutliner:1 IsMainWorldOnly:0 FolderPath:Lighting FolderGuid:0BA5F0A04EADB18E70D5B180D08FA34B
 |   |   |- Guid:13017A6245079598D7CEB781F2359173 BaseClass: NativeClass:/Script/Engine.WorldDataLayers Name:WorldDataLayers Label:WorldDataLayers SpatiallyLoaded:0 Bounds:Invalid RuntimeGrid:None EditorOnly:0 RuntimeOnly:0 HLODRelevant:0 ListedInSceneOutliner:1 IsMainWorldOnly:1
 |   |   |- Guid:25BB98704B1407F68CB70BB8A422A74B BaseClass: NativeClass:/Script/Engine.PlayerStart Name:PlayerStart_0 Label:PlayerStart SpatiallyLoaded:0 Bounds:IsValid=true, Min=(X=2860.000 Y=340.000 Z=1000.013), Max=(X=2940.000 Y=420.000 Z=1184.013) RuntimeGrid:None EditorOnly:0 RuntimeOnly:0 HLODRelevant:0 ListedInSceneOutliner:1 IsMainWorldOnly:0
 |   |   |- Guid:311B1C2049F78DD48418BB91580B7FEB BaseClass: NativeClass:/Script/Engine.SkyLight Name:SkyLight_0 Label:SkyLight SpatiallyLoaded:0 Bounds:IsValid=true, Min=(X=0.000 Y=0.000 Z=690.000), Max=(X=0.000 Y=0.000 Z=690.000) RuntimeGrid:None EditorOnly:0 RuntimeOnly:0 HLODRelevant:0 ListedInSceneOutliner:1 IsMainWorldOnly:0 FolderPath:Lighting FolderGuid:0BA5F0A04EADB18E70D5B180D08FA34B
 |   |   |- Guid:3533F0D5418B6CFE9DB87592BA74F37E BaseClass:/Game/PERSONAL/BPs/BP_ElevatorShaft.BP_ElevatorShaft_C NativeClass:/Script/Engine.Actor Name:BP_Elevator_C_UAID_8C8D283538AF98B901_1312492271 Label:BP_Elevator SpatiallyLoaded:1 Bounds:IsValid=true, Min=(X=2690.032 Y=-288.272 Z=965.502), Max=(X=3089.968 Y=123.850 Z=1480.000) RuntimeGrid:None EditorOnly:0 RuntimeOnly:0 HLODRelevant:0 ListedInSceneOutliner:1 IsMainWorldOnly:0
 |   |   |- Guid:372917FB47CE0B68A8870691098AB79C BaseClass: NativeClass:/Script/Engine.StaticMeshActor Name:StaticMeshActor_UAID_8C8D283538AF9DB901_1659836154 Label:VraiSol SpatiallyLoaded:1 Bounds:IsValid=true, Min=(X=2150.000 Y=-430.000 Z=950.000), Max=(X=3600.000 Y=845.000 Z=975.000) RuntimeGrid:None EditorOnly:0 RuntimeOnly:0 HLODRelevant:1 ListedInSceneOutliner:1 IsMainWorldOnly:0 FolderPath:Special Floor FolderGuid:526973FD48334ECFCDAD00BB6E051272
 |   |   |- Guid:4762D3274472E556EE0E7B8B6E7AEBDB BaseClass:/Game/FirstPerson/Blueprints/BP_Pickup_Rifle.BP_Pickup_Rifle_C NativeClass:/Script/Engine.Actor Name:BP_Rifle_C_1 Label:BP_Pickup_Rifle SpatiallyLoaded:1 Bounds:IsValid=true, Min=(X=1378.000 Y=818.000 Z=64.000), Max=(X=1442.000 Y=907.440 Z=128.000) RuntimeGrid:None EditorOnly:0 RuntimeOnly:0 HLODRelevant:0 ListedInSceneOutliner:1 IsMainWorldOnly:0
 |   |   |- Guid:81696AA74E47E771470B60B8704D666E BaseClass: NativeClass:/Script/Engine.PostProcessVolume Name:PostProcessVolume_0 Label:PostProcessVolume SpatiallyLoaded:0 Bounds:IsValid=true, Min=(X=0.000 Y=0.000 Z=400.000), Max=(X=200.000 Y=200.000 Z=600.000) RuntimeGrid:None EditorOnly:0 RuntimeOnly:0 HLODRelevant:0 ListedInSceneOutliner:1 IsMainWorldOnly:0 FolderPath:Lighting FolderGuid:0BA5F0A04EADB18E70D5B180D08FA34B
 |   |   |- Guid:96D247D741BEEE8DA2EE909789D03C16 BaseClass: NativeClass:/Script/Engine.SkyAtmosphere Name:SkyAtmosphere_0 Label:SkyAtmosphere SpatiallyLoaded:0 Bounds:IsValid=true, Min=(X=0.000 Y=0.000 Z=1020.000), Max=(X=0.000 Y=0.000 Z=1020.000) RuntimeGrid:None EditorOnly:0 RuntimeOnly:0 HLODRelevant:0 ListedInSceneOutliner:1 IsMainWorldOnly:0 FolderPath:Lighting FolderGuid:0BA5F0A04EADB18E70D5B180D08FA34B
 |   |   |- Guid:BD8B32CB421A5E79B4BEBAAD54810EDC BaseClass: NativeClass:/Script/Engine.VolumetricCloud Name:VolumetricCloud_0 Label:VolumetricCloud SpatiallyLoaded:0 Bounds:IsValid=true, Min=(X=0.000 Y=0.000 Z=820.000), Max=(X=0.000 Y=0.000 Z=820.000) RuntimeGrid:None EditorOnly:0 RuntimeOnly:0 HLODRelevant:0 ListedInSceneOutliner:1 IsMainWorldOnly:0 FolderPath:Lighting FolderGuid:0BA5F0A04EADB18E70D5B180D08FA34B
 |   |   |- Guid:CAAF21834465A2D3CF71969D1DF81B7D BaseClass: NativeClass:/Script/Engine.ExponentialHeightFog Name:ExponentialHeightFog_0 Label:ExponentialHeightFog SpatiallyLoaded:0 Bounds:IsValid=true, Min=(X=-5600.000 Y=-50.000 Z=-6850.000), Max=(X=-5600.000 Y=-50.000 Z=-6850.000) RuntimeGrid:None EditorOnly:0 RuntimeOnly:0 HLODRelevant:0 ListedInSceneOutliner:1 IsMainWorldOnly:0 FolderPath:Lighting FolderGuid:0BA5F0A04EADB18E70D5B180D08FA34B
 |   |   |- Guid:E224B904407D59A76AC4BC947E6A0E3F BaseClass: NativeClass:/Script/Engine.StaticMeshActor Name:StaticMeshActor_UAID_A4AE111137DC5EFB00_2001720423 Label:SM_SkySphere SpatiallyLoaded:0 Bounds:IsValid=true, Min=(X=-1638400.000 Y=-1638400.000 Z=-1638400.000), Max=(X=1638400.000 Y=1638400.000 Z=1638400.000) RuntimeGrid:None EditorOnly:0 RuntimeOnly:0 HLODRelevant:1 ListedInSceneOutliner:1 IsMainWorldOnly:0 FolderPath:Lighting FolderGuid:0BA5F0A04EADB18E70D5B180D08FA34B
 |   |- [+] Clusters:
 |   |   |- [+] [  0]
 |   |   |   |- Guid:078BABA14E215BAB04DA299D8E41CF92 BaseClass: NativeClass:/Script/Engine.TextRenderActor Name:TextRenderActor_1 Label:TextRenderActor SpatiallyLoaded:1 Bounds:IsValid=true, Min=(X=-0.100 Y=1100.000 Z=65.013), Max=(X=-0.100 Y=2363.461 Z=215.013) RuntimeGrid:None EditorOnly:0 RuntimeOnly:0 HLODRelevant:0 ListedInSceneOutliner:1 IsMainWorldOnly:0
 |   |   |- [+] [  1]
 |   |   |   |- Guid:0F8AB5CC46CFDCC5DBD4C0976E0143F1 BaseClass: NativeClass:/Script/Engine.DirectionalLight Name:DirectionalLight_1 Label:DirectionalLight SpatiallyLoaded:0 Bounds:IsValid=true, Min=(X=-4398046511104.000 Y=-4398046511104.000 Z=-4398046511104.000), Max=(X=4398046511104.000 Y=4398046511104.000 Z=4398046511104.000) RuntimeGrid:None EditorOnly:0 RuntimeOnly:0 HLODRelevant:0 ListedInSceneOutliner:1 IsMainWorldOnly:0 FolderPath:Lighting FolderGuid:0BA5F0A04EADB18E70D5B180D08FA34B
 |   |   |- [+] [  2]
 |   |   |   |- Guid:13017A6245079598D7CEB781F2359173 BaseClass: NativeClass:/Script/Engine.WorldDataLayers Name:WorldDataLayers Label:WorldDataLayers SpatiallyLoaded:0 Bounds:Invalid RuntimeGrid:None EditorOnly:0 RuntimeOnly:0 HLODRelevant:0 ListedInSceneOutliner:1 IsMainWorldOnly:1
 |   |   |- [+] [  3]
 |   |   |   |- Guid:25BB98704B1407F68CB70BB8A422A74B BaseClass: NativeClass:/Script/Engine.PlayerStart Name:PlayerStart_0 Label:PlayerStart SpatiallyLoaded:0 Bounds:IsValid=true, Min=(X=2860.000 Y=340.000 Z=1000.013), Max=(X=2940.000 Y=420.000 Z=1184.013) RuntimeGrid:None EditorOnly:0 RuntimeOnly:0 HLODRelevant:0 ListedInSceneOutliner:1 IsMainWorldOnly:0
 |   |   |- [+] [  4]
 |   |   |   |- Guid:311B1C2049F78DD48418BB91580B7FEB BaseClass: NativeClass:/Script/Engine.SkyLight Name:SkyLight_0 Label:SkyLight SpatiallyLoaded:0 Bounds:IsValid=true, Min=(X=0.000 Y=0.000 Z=690.000), Max=(X=0.000 Y=0.000 Z=690.000) RuntimeGrid:None EditorOnly:0 RuntimeOnly:0 HLODRelevant:0 ListedInSceneOutliner:1 IsMainWorldOnly:0 FolderPath:Lighting FolderGuid:0BA5F0A04EADB18E70D5B180D08FA34B
 |   |   |- [+] [  5]
 |   |   |   |- Guid:3533F0D5418B6CFE9DB87592BA74F37E BaseClass:/Game/PERSONAL/BPs/BP_ElevatorShaft.BP_ElevatorShaft_C NativeClass:/Script/Engine.Actor Name:BP_Elevator_C_UAID_8C8D283538AF98B901_1312492271 Label:BP_Elevator SpatiallyLoaded:1 Bounds:IsValid=true, Min=(X=2690.032 Y=-288.272 Z=965.502), Max=(X=3089.968 Y=123.850 Z=1480.000) RuntimeGrid:None EditorOnly:0 RuntimeOnly:0 HLODRelevant:0 ListedInSceneOutliner:1 IsMainWorldOnly:0
 |   |   |- [+] [  6]
 |   |   |   |- Guid:372917FB47CE0B68A8870691098AB79C BaseClass: NativeClass:/Script/Engine.StaticMeshActor Name:StaticMeshActor_UAID_8C8D283538AF9DB901_1659836154 Label:VraiSol SpatiallyLoaded:1 Bounds:IsValid=true, Min=(X=2150.000 Y=-430.000 Z=950.000), Max=(X=3600.000 Y=845.000 Z=975.000) RuntimeGrid:None EditorOnly:0 RuntimeOnly:0 HLODRelevant:1 ListedInSceneOutliner:1 IsMainWorldOnly:0 FolderPath:Special Floor FolderGuid:526973FD48334ECFCDAD00BB6E051272
 |   |   |- [+] [  7]
 |   |   |   |- Guid:4762D3274472E556EE0E7B8B6E7AEBDB BaseClass:/Game/FirstPerson/Blueprints/BP_Pickup_Rifle.BP_Pickup_Rifle_C NativeClass:/Script/Engine.Actor Name:BP_Rifle_C_1 Label:BP_Pickup_Rifle SpatiallyLoaded:1 Bounds:IsValid=true, Min=(X=1378.000 Y=818.000 Z=64.000), Max=(X=1442.000 Y=907.440 Z=128.000) RuntimeGrid:None EditorOnly:0 RuntimeOnly:0 HLODRelevant:0 ListedInSceneOutliner:1 IsMainWorldOnly:0
 |   |   |- [+] [  8]
 |   |   |   |- Guid:81696AA74E47E771470B60B8704D666E BaseClass: NativeClass:/Script/Engine.PostProcessVolume Name:PostProcessVolume_0 Label:PostProcessVolume SpatiallyLoaded:0 Bounds:IsValid=true, Min=(X=0.000 Y=0.000 Z=400.000), Max=(X=200.000 Y=200.000 Z=600.000) RuntimeGrid:None EditorOnly:0 RuntimeOnly:0 HLODRelevant:0 ListedInSceneOutliner:1 IsMainWorldOnly:0 FolderPath:Lighting FolderGuid:0BA5F0A04EADB18E70D5B180D08FA34B
 |   |   |- [+] [  9]
 |   |   |   |- Guid:96D247D741BEEE8DA2EE909789D03C16 BaseClass: NativeClass:/Script/Engine.SkyAtmosphere Name:SkyAtmosphere_0 Label:SkyAtmosphere SpatiallyLoaded:0 Bounds:IsValid=true, Min=(X=0.000 Y=0.000 Z=1020.000), Max=(X=0.000 Y=0.000 Z=1020.000) RuntimeGrid:None EditorOnly:0 RuntimeOnly:0 HLODRelevant:0 ListedInSceneOutliner:1 IsMainWorldOnly:0 FolderPath:Lighting FolderGuid:0BA5F0A04EADB18E70D5B180D08FA34B
 |   |   |- [+] [ 10]
 |   |   |   |- Guid:BD8B32CB421A5E79B4BEBAAD54810EDC BaseClass: NativeClass:/Script/Engine.VolumetricCloud Name:VolumetricCloud_0 Label:VolumetricCloud SpatiallyLoaded:0 Bounds:IsValid=true, Min=(X=0.000 Y=0.000 Z=820.000), Max=(X=0.000 Y=0.000 Z=820.000) RuntimeGrid:None EditorOnly:0 RuntimeOnly:0 HLODRelevant:0 ListedInSceneOutliner:1 IsMainWorldOnly:0 FolderPath:Lighting FolderGuid:0BA5F0A04EADB18E70D5B180D08FA34B
 |   |   |- [+] [ 11]
 |   |   |   |- Guid:CAAF21834465A2D3CF71969D1DF81B7D BaseClass: NativeClass:/Script/Engine.ExponentialHeightFog Name:ExponentialHeightFog_0 Label:ExponentialHeightFog SpatiallyLoaded:0 Bounds:IsValid=true, Min=(X=-5600.000 Y=-50.000 Z=-6850.000), Max=(X=-5600.000 Y=-50.000 Z=-6850.000) RuntimeGrid:None EditorOnly:0 RuntimeOnly:0 HLODRelevant:0 ListedInSceneOutliner:1 IsMainWorldOnly:0 FolderPath:Lighting FolderGuid:0BA5F0A04EADB18E70D5B180D08FA34B
 |   |   |- [+] [ 12]
 |   |   |   |- Guid:E224B904407D59A76AC4BC947E6A0E3F BaseClass: NativeClass:/Script/Engine.StaticMeshActor Name:StaticMeshActor_UAID_A4AE111137DC5EFB00_2001720423 Label:SM_SkySphere SpatiallyLoaded:0 Bounds:IsValid=true, Min=(X=-1638400.000 Y=-1638400.000 Z=-1638400.000), Max=(X=1638400.000 Y=1638400.000 Z=1638400.000) RuntimeGrid:None EditorOnly:0 RuntimeOnly:0 HLODRelevant:1 ListedInSceneOutliner:1 IsMainWorldOnly:0 FolderPath:Lighting FolderGuid:0BA5F0A04EADB18E70D5B180D08FA34B
 |- ContainerInstances:
 |- [+] MainContainer:
 |   |-        ID: 00000000000000000000000000000000
 |   |-  ParentID: 00000000000000000000000000000000
 |   |-    Bounds: IsValid=false, Min=(X=0.000 Y=0.000 Z=0.000), Max=(X=0.000 Y=0.000 Z=0.000)
 |   |- Transform: 0.000000,0.000000,0.000000|0.000000,0.000000,-0.000000|1.000000,1.000000,1.000000
 |   |- Container: /Game/PERSONAL/MAPS/Map_Elevator
----------------------------------------------------------------------------------------------------------------
Map_Elevator - Persistent Level
----------------------------------------------------------------------------------------------------------------
[+] Content of Map_Elevator Persistent Level
 |- Always loaded Actor Count: 20 
 |- Actor Path: /Game/PERSONAL/MAPS/Map_Elevator.Map_Elevator:PersistentLevel.AbstractNavData-Default
 |- Actor Package: /Game/PERSONAL/MAPS/Map_Elevator
 |- Actor Path: /Game/PERSONAL/MAPS/Map_Elevator.Map_Elevator:PersistentLevel.BP_Elevator_C_UAID_8C8D283538AF98B901_1312492271
 |- Actor Package: /Game/__ExternalActors__/PERSONAL/MAPS/Map_Elevator/0/7A/W4W498AK467LC4R6KOYQEC
 |- Actor Path: /Game/PERSONAL/MAPS/Map_Elevator.Map_Elevator:PersistentLevel.BP_Rifle_C_1
 |- Actor Package: /Game/__ExternalActors__/PERSONAL/MAPS/Map_Elevator/A/4G/QOEGAK1AABUQGMPTO4JOXJ
 |- Actor Path: /Game/PERSONAL/MAPS/Map_Elevator.Map_Elevator:PersistentLevel.Brush_0
 |- Actor Package: /Game/PERSONAL/MAPS/Map_Elevator
 |- Actor Path: /Game/PERSONAL/MAPS/Map_Elevator.Map_Elevator:PersistentLevel.DefaultPhysicsVolume_0
 |- Actor Package: /Game/PERSONAL/MAPS/Map_Elevator
 |- Actor Path: /Game/PERSONAL/MAPS/Map_Elevator.Map_Elevator:PersistentLevel.DirectionalLight_1
 |- Actor Package: /Game/__ExternalActors__/PERSONAL/MAPS/Map_Elevator/E/V8/LJ9WL5YFDBGCJHFVDT9A3M
 |- Actor Path: /Game/PERSONAL/MAPS/Map_Elevator.Map_Elevator:PersistentLevel.ExponentialHeightFog_0
 |- Actor Package: /Game/__ExternalActors__/PERSONAL/MAPS/Map_Elevator/9/XD/YTW7NABYEWJJ1NWDXS4ACA
 |- Actor Path: /Game/PERSONAL/MAPS/Map_Elevator.Map_Elevator:PersistentLevel.FirstPersonMap_C_1
 |- Actor Package: /Game/PERSONAL/MAPS/Map_Elevator
 |- Actor Path: /Game/PERSONAL/MAPS/Map_Elevator.Map_Elevator:PersistentLevel.GameplayDebuggerPlayerManager_0
 |- Actor Package: /Game/PERSONAL/MAPS/Map_Elevator
 |- Actor Path: /Game/PERSONAL/MAPS/Map_Elevator.Map_Elevator:PersistentLevel.PlayerStart_0
 |- Actor Package: /Game/__ExternalActors__/PERSONAL/MAPS/Map_Elevator/A/W4/GFYT927GKXFI4Q15I8M3OU
 |- Actor Path: /Game/PERSONAL/MAPS/Map_Elevator.Map_Elevator:PersistentLevel.PostProcessVolume_0
 |- Actor Package: /Game/__ExternalActors__/PERSONAL/MAPS/Map_Elevator/B/SA/SDVE81AXLPDXN8Q5XCEX2Q
 |- Actor Path: /Game/PERSONAL/MAPS/Map_Elevator.Map_Elevator:PersistentLevel.SkyAtmosphere_0
 |- Actor Package: /Game/__ExternalActors__/PERSONAL/MAPS/Map_Elevator/1/H1/CUKBFSU8EBJT399LN45WGO
 |- Actor Path: /Game/PERSONAL/MAPS/Map_Elevator.Map_Elevator:PersistentLevel.SkyLight_0
 |- Actor Package: /Game/__ExternalActors__/PERSONAL/MAPS/Map_Elevator/D/3V/73GP00KWHHVXI9TQOMUD0J
 |- Actor Path: /Game/PERSONAL/MAPS/Map_Elevator.Map_Elevator:PersistentLevel.StaticMeshActor_UAID_8C8D283538AF9DB901_1659836154
 |- Actor Package: /Game/__ExternalActors__/PERSONAL/MAPS/Map_Elevator/1/E4/GEN7VCFZW4ULCXG4ZY05YO
 |- Actor Path: /Game/PERSONAL/MAPS/Map_Elevator.Map_Elevator:PersistentLevel.StaticMeshActor_UAID_A4AE111137DC5EFB00_2001720423
 |- Actor Package: /Game/__ExternalActors__/PERSONAL/MAPS/Map_Elevator/9/M4/3CMAXOR4908GGKSLMIPBL0
 |- Actor Path: /Game/PERSONAL/MAPS/Map_Elevator.Map_Elevator:PersistentLevel.TextRenderActor_1
 |- Actor Package: /Game/__ExternalActors__/PERSONAL/MAPS/Map_Elevator/2/VZ/I1OW39KW30TW1RJ1PFGH6N
 |- Actor Path: /Game/PERSONAL/MAPS/Map_Elevator.Map_Elevator:PersistentLevel.VolumetricCloud_0
 |- Actor Package: /Game/__ExternalActors__/PERSONAL/MAPS/Map_Elevator/6/TD/85SW5OJ6RQD1HYZIQXW536
 |- Actor Path: /Game/PERSONAL/MAPS/Map_Elevator.Map_Elevator:PersistentLevel.WorldDataLayers
 |- Actor Package: /Game/__ExternalActors__/PERSONAL/MAPS/Map_Elevator/B/8D/KQ05FN2QSLH689E8UHCAZH
 |- Actor Path: /Game/PERSONAL/MAPS/Map_Elevator.Map_Elevator:PersistentLevel.WorldInfo_0
 |- Actor Package: /Game/PERSONAL/MAPS/Map_Elevator
 |- Actor Path: /Game/PERSONAL/MAPS/Map_Elevator.Map_Elevator:PersistentLevel.WorldPartitionMiniMap_0
 |- Actor Package: /Game/__ExternalActors__/PERSONAL/MAPS/Map_Elevator/7/JP/S62K5MP9XGLZZA46LMQE7Z

----------------------------------------------------------------------------------------------------------------
Map_Elevator - Runtime Spatial Hash - Streaming Grid - MainGrid
----------------------------------------------------------------------------------------------------------------
            Origin: X=0.000 Y=0.000 Z=0.000
         Cell Size: 12800
      World Bounds: IsValid=false, Min=(X=0.000 Y=0.000 Z=0.000), Max=(X=0.000 Y=0.000 Z=0.000)
     Loading Range: 25600.00
Block Slow Loading: No
 ClientOnlyVisible: No
            Origin: X=0.000 Y=0.000 Z=0.000

[+] Grid Levels: 1
 |- Level  0: Cell Count    0 | Cell Size   12800 | Actor Count    0 (0.0%)

[+] Content of Grid Level 0

